<?xml version="1.0" encoding="UTF-8"?>
<testsuite xmlns:xsi="http://www.w3.org/2001/XMLSchema-instance" xsi:noNamespaceSchemaLocation="https://maven.apache.org/surefire/maven-surefire-plugin/xsd/surefire-test-report.xsd" name="tech.wangy265.springboot.AppDocumentationTest" time="7.723" tests="5" errors="0" skipped="0" failures="0">
  <properties>
    <property name="sun.desktop" value="windows"/>
    <property name="awt.toolkit" value="sun.awt.windows.WToolkit"/>
    <property name="java.specification.version" value="11"/>
    <property name="sun.cpu.isalist" value="amd64"/>
    <property name="sun.jnu.encoding" value="Cp1252"/>
    <property name="java.class.path" value="C:\Users\Wang\decathlon-project-codes\springboot-example\Swagger2Markup-example\target\test-classes;C:\Users\Wang\decathlon-project-codes\springboot-example\Swagger2Markup-example\target\classes;c:\repositorys\org\springframework\boot\spring-boot-starter-web\2.3.4.RELEASE\spring-boot-starter-web-2.3.4.RELEASE.jar;c:\repositorys\org\springframework\boot\spring-boot-starter\2.3.4.RELEASE\spring-boot-starter-2.3.4.RELEASE.jar;c:\repositorys\org\springframework\boot\spring-boot\2.3.4.RELEASE\spring-boot-2.3.4.RELEASE.jar;c:\repositorys\org\springframework\boot\spring-boot-autoconfigure\2.3.4.RELEASE\spring-boot-autoconfigure-2.3.4.RELEASE.jar;c:\repositorys\org\springframework\boot\spring-boot-starter-logging\2.3.4.RELEASE\spring-boot-starter-logging-2.3.4.RELEASE.jar;c:\repositorys\ch\qos\logback\logback-classic\1.2.3\logback-classic-1.2.3.jar;c:\repositorys\ch\qos\logback\logback-core\1.2.3\logback-core-1.2.3.jar;c:\repositorys\org\apache\logging\log4j\log4j-to-slf4j\2.13.3\log4j-to-slf4j-2.13.3.jar;c:\repositorys\org\apache\logging\log4j\log4j-api\2.13.3\log4j-api-2.13.3.jar;c:\repositorys\org\slf4j\jul-to-slf4j\1.7.30\jul-to-slf4j-1.7.30.jar;c:\repositorys\jakarta\annotation\jakarta.annotation-api\1.3.5\jakarta.annotation-api-1.3.5.jar;c:\repositorys\org\yaml\snakeyaml\1.26\snakeyaml-1.26.jar;c:\repositorys\org\springframework\boot\spring-boot-starter-json\2.3.4.RELEASE\spring-boot-starter-json-2.3.4.RELEASE.jar;c:\repositorys\com\fasterxml\jackson\datatype\jackson-datatype-jdk8\2.11.2\jackson-datatype-jdk8-2.11.2.jar;c:\repositorys\com\fasterxml\jackson\datatype\jackson-datatype-jsr310\2.11.2\jackson-datatype-jsr310-2.11.2.jar;c:\repositorys\com\fasterxml\jackson\module\jackson-module-parameter-names\2.11.2\jackson-module-parameter-names-2.11.2.jar;c:\repositorys\org\springframework\boot\spring-boot-starter-tomcat\2.3.4.RELEASE\spring-boot-starter-tomcat-2.3.4.RELEASE.jar;c:\repositorys\org\apache\tomcat\embed\tomcat-embed-core\9.0.38\tomcat-embed-core-9.0.38.jar;c:\repositorys\org\glassfish\jakarta.el\3.0.3\jakarta.el-3.0.3.jar;c:\repositorys\org\apache\tomcat\embed\tomcat-embed-websocket\9.0.38\tomcat-embed-websocket-9.0.38.jar;c:\repositorys\org\springframework\spring-web\5.2.9.RELEASE\spring-web-5.2.9.RELEASE.jar;c:\repositorys\org\springframework\spring-beans\5.2.9.RELEASE\spring-beans-5.2.9.RELEASE.jar;c:\repositorys\org\springframework\spring-webmvc\5.2.9.RELEASE\spring-webmvc-5.2.9.RELEASE.jar;c:\repositorys\org\springframework\spring-aop\5.2.9.RELEASE\spring-aop-5.2.9.RELEASE.jar;c:\repositorys\org\springframework\spring-context\5.2.9.RELEASE\spring-context-5.2.9.RELEASE.jar;c:\repositorys\org\springframework\spring-expression\5.2.9.RELEASE\spring-expression-5.2.9.RELEASE.jar;c:\repositorys\org\springframework\boot\spring-boot-starter-test\2.3.4.RELEASE\spring-boot-starter-test-2.3.4.RELEASE.jar;c:\repositorys\org\springframework\boot\spring-boot-test\2.3.4.RELEASE\spring-boot-test-2.3.4.RELEASE.jar;c:\repositorys\org\springframework\boot\spring-boot-test-autoconfigure\2.3.4.RELEASE\spring-boot-test-autoconfigure-2.3.4.RELEASE.jar;c:\repositorys\com\jayway\jsonpath\json-path\2.4.0\json-path-2.4.0.jar;c:\repositorys\net\minidev\json-smart\2.3\json-smart-2.3.jar;c:\repositorys\net\minidev\accessors-smart\1.2\accessors-smart-1.2.jar;c:\repositorys\jakarta\xml\bind\jakarta.xml.bind-api\2.3.3\jakarta.xml.bind-api-2.3.3.jar;c:\repositorys\jakarta\activation\jakarta.activation-api\1.2.2\jakarta.activation-api-1.2.2.jar;c:\repositorys\org\assertj\assertj-core\3.16.1\assertj-core-3.16.1.jar;c:\repositorys\org\hamcrest\hamcrest\2.2\hamcrest-2.2.jar;c:\repositorys\org\junit\jupiter\junit-jupiter\5.6.2\junit-jupiter-5.6.2.jar;c:\repositorys\org\junit\jupiter\junit-jupiter-api\5.6.2\junit-jupiter-api-5.6.2.jar;c:\repositorys\org\opentest4j\opentest4j\1.2.0\opentest4j-1.2.0.jar;c:\repositorys\org\junit\platform\junit-platform-commons\1.6.2\junit-platform-commons-1.6.2.jar;c:\repositorys\org\junit\jupiter\junit-jupiter-params\5.6.2\junit-jupiter-params-5.6.2.jar;c:\repositorys\org\junit\jupiter\junit-jupiter-engine\5.6.2\junit-jupiter-engine-5.6.2.jar;c:\repositorys\org\junit\vintage\junit-vintage-engine\5.6.2\junit-vintage-engine-5.6.2.jar;c:\repositorys\org\apiguardian\apiguardian-api\1.1.0\apiguardian-api-1.1.0.jar;c:\repositorys\org\junit\platform\junit-platform-engine\1.6.2\junit-platform-engine-1.6.2.jar;c:\repositorys\junit\junit\4.13\junit-4.13.jar;c:\repositorys\org\mockito\mockito-core\3.3.3\mockito-core-3.3.3.jar;c:\repositorys\net\bytebuddy\byte-buddy\1.10.14\byte-buddy-1.10.14.jar;c:\repositorys\net\bytebuddy\byte-buddy-agent\1.10.14\byte-buddy-agent-1.10.14.jar;c:\repositorys\org\objenesis\objenesis\2.6\objenesis-2.6.jar;c:\repositorys\org\mockito\mockito-junit-jupiter\3.3.3\mockito-junit-jupiter-3.3.3.jar;c:\repositorys\org\skyscreamer\jsonassert\1.5.0\jsonassert-1.5.0.jar;c:\repositorys\com\vaadin\external\google\android-json\0.0.20131108.vaadin1\android-json-0.0.20131108.vaadin1.jar;c:\repositorys\org\springframework\spring-core\5.2.9.RELEASE\spring-core-5.2.9.RELEASE.jar;c:\repositorys\org\springframework\spring-jcl\5.2.9.RELEASE\spring-jcl-5.2.9.RELEASE.jar;c:\repositorys\org\springframework\spring-test\5.2.9.RELEASE\spring-test-5.2.9.RELEASE.jar;c:\repositorys\org\xmlunit\xmlunit-core\2.7.0\xmlunit-core-2.7.0.jar;c:\repositorys\org\springframework\boot\spring-boot-configuration-processor\2.3.4.RELEASE\spring-boot-configuration-processor-2.3.4.RELEASE.jar;c:\repositorys\io\springfox\springfox-swagger2\2.7.0\springfox-swagger2-2.7.0.jar;c:\repositorys\io\swagger\swagger-annotations\1.5.13\swagger-annotations-1.5.13.jar;c:\repositorys\io\springfox\springfox-spi\2.7.0\springfox-spi-2.7.0.jar;c:\repositorys\io\springfox\springfox-core\2.7.0\springfox-core-2.7.0.jar;c:\repositorys\io\springfox\springfox-schema\2.7.0\springfox-schema-2.7.0.jar;c:\repositorys\io\springfox\springfox-swagger-common\2.7.0\springfox-swagger-common-2.7.0.jar;c:\repositorys\io\springfox\springfox-spring-web\2.7.0\springfox-spring-web-2.7.0.jar;c:\repositorys\org\reflections\reflections\0.9.11\reflections-0.9.11.jar;c:\repositorys\org\javassist\javassist\3.21.0-GA\javassist-3.21.0-GA.jar;c:\repositorys\com\google\guava\guava\18.0\guava-18.0.jar;c:\repositorys\com\fasterxml\classmate\1.5.1\classmate-1.5.1.jar;c:\repositorys\org\slf4j\slf4j-api\1.7.30\slf4j-api-1.7.30.jar;c:\repositorys\org\springframework\plugin\spring-plugin-core\1.2.0.RELEASE\spring-plugin-core-1.2.0.RELEASE.jar;c:\repositorys\org\springframework\plugin\spring-plugin-metadata\1.2.0.RELEASE\spring-plugin-metadata-1.2.0.RELEASE.jar;c:\repositorys\org\mapstruct\mapstruct\1.1.0.Final\mapstruct-1.1.0.Final.jar;c:\repositorys\io\springfox\springfox-swagger-ui\2.7.0\springfox-swagger-ui-2.7.0.jar;c:\repositorys\io\github\swagger2markup\swagger2markup\1.3.1\swagger2markup-1.3.1.jar;c:\repositorys\io\github\swagger2markup\markup-document-builder\1.1.1\markup-document-builder-1.1.1.jar;c:\repositorys\commons-io\commons-io\2.4\commons-io-2.4.jar;c:\repositorys\commons-codec\commons-codec\1.14\commons-codec-1.14.jar;c:\repositorys\nl\jworks\markdown_to_asciidoc\markdown_to_asciidoc\1.0\markdown_to_asciidoc-1.0.jar;c:\repositorys\org\jsoup\jsoup\1.8.1\jsoup-1.8.1.jar;c:\repositorys\io\swagger\swagger-compat-spec-parser\1.0.25\swagger-compat-spec-parser-1.0.25.jar;c:\repositorys\io\swagger\swagger-parser\1.0.25\swagger-parser-1.0.25.jar;c:\repositorys\org\slf4j\slf4j-ext\1.7.30\slf4j-ext-1.7.30.jar;c:\repositorys\com\github\fge\json-schema-validator\2.2.3\json-schema-validator-2.2.3.jar;c:\repositorys\joda-time\joda-time\2.3\joda-time-2.3.jar;c:\repositorys\com\github\fge\json-schema-core\1.2.1\json-schema-core-1.2.1.jar;c:\repositorys\com\github\fge\uri-template\0.9\uri-template-0.9.jar;c:\repositorys\org\mozilla\rhino\1.7R4\rhino-1.7R4.jar;c:\repositorys\com\googlecode\libphonenumber\libphonenumber\6.0\libphonenumber-6.0.jar;c:\repositorys\javax\mail\mailapi\1.4.3\mailapi-1.4.3.jar;c:\repositorys\javax\activation\activation\1.1\activation-1.1.jar;c:\repositorys\com\google\code\findbugs\jsr305\2.0.1\jsr305-2.0.1.jar;c:\repositorys\net\sf\jopt-simple\jopt-simple\4.6\jopt-simple-4.6.jar;c:\repositorys\com\github\fge\json-patch\1.6\json-patch-1.6.jar;c:\repositorys\com\github\fge\jackson-coreutils\1.6\jackson-coreutils-1.6.jar;c:\repositorys\com\github\fge\msg-simple\1.1\msg-simple-1.1.jar;c:\repositorys\com\github\fge\btf\1.2\btf-1.2.jar;c:\repositorys\org\apache\httpcomponents\httpclient\4.5.12\httpclient-4.5.12.jar;c:\repositorys\org\apache\httpcomponents\httpcore\4.4.13\httpcore-4.4.13.jar;c:\repositorys\org\apache\commons\commons-configuration2\2.1\commons-configuration2-2.1.jar;c:\repositorys\commons-logging\commons-logging\1.2\commons-logging-1.2.jar;c:\repositorys\commons-beanutils\commons-beanutils\1.9.2\commons-beanutils-1.9.2.jar;c:\repositorys\commons-collections\commons-collections\3.2.1\commons-collections-3.2.1.jar;c:\repositorys\org\apache\commons\commons-collections4\4.1\commons-collections4-4.1.jar;c:\repositorys\io\javaslang\javaslang\2.0.5\javaslang-2.0.5.jar;c:\repositorys\io\javaslang\javaslang-match\2.0.5\javaslang-match-2.0.5.jar;c:\repositorys\ch\netzwerg\paleo-core\0.10.2\paleo-core-0.10.2.jar;c:\repositorys\io\swagger\swagger-core\1.5.16\swagger-core-1.5.16.jar;c:\repositorys\org\apache\commons\commons-lang3\3.10\commons-lang3-3.10.jar;c:\repositorys\com\fasterxml\jackson\core\jackson-annotations\2.11.2\jackson-annotations-2.11.2.jar;c:\repositorys\com\fasterxml\jackson\core\jackson-databind\2.11.2\jackson-databind-2.11.2.jar;c:\repositorys\com\fasterxml\jackson\core\jackson-core\2.11.2\jackson-core-2.11.2.jar;c:\repositorys\com\fasterxml\jackson\dataformat\jackson-dataformat-yaml\2.11.2\jackson-dataformat-yaml-2.11.2.jar;c:\repositorys\javax\validation\validation-api\2.0.1.Final\validation-api-2.0.1.Final.jar;c:\repositorys\io\swagger\swagger-models\1.5.16\swagger-models-1.5.16.jar;c:\repositorys\org\pegdown\pegdown\1.4.2\pegdown-1.4.2.jar;c:\repositorys\org\parboiled\parboiled-java\1.1.6\parboiled-java-1.1.6.jar;c:\repositorys\org\parboiled\parboiled-core\1.1.6\parboiled-core-1.1.6.jar;c:\repositorys\org\ow2\asm\asm\4.1\asm-4.1.jar;c:\repositorys\org\ow2\asm\asm-tree\4.1\asm-tree-4.1.jar;c:\repositorys\org\ow2\asm\asm-analysis\4.1\asm-analysis-4.1.jar;c:\repositorys\org\ow2\asm\asm-util\4.1\asm-util-4.1.jar;c:\repositorys\org\projectlombok\lombok\1.18.12\lombok-1.18.12.jar;"/>
    <property name="java.vm.vendor" value="AdoptOpenJDK"/>
    <property name="sun.arch.data.model" value="64"/>
    <property name="user.variant" value=""/>
    <property name="java.vendor.url" value="https://adoptopenjdk.net/"/>
    <property name="user.timezone" value="Asia/Shanghai"/>
    <property name="java.vm.specification.version" value="11"/>
    <property name="os.name" value="Windows 10"/>
    <property name="sun.java.launcher" value="SUN_STANDARD"/>
    <property name="user.country" value="US"/>
    <property name="sun.boot.library.path" value="C:\Program Files\AdoptOpenJDK\jdk-11.0.7.10-hotspot\bin"/>
    <property name="sun.java.command" value="C:\Users\Wang\AppData\Local\Temp\surefire11097285392525063189\surefirebooter15725814522660138748.jar C:\Users\Wang\AppData\Local\Temp\surefire11097285392525063189 2021-11-19T16-49-41_461-jvmRun1 surefire6627466733804086238tmp surefire_014663881247608206624tmp"/>
    <property name="jdk.debug" value="release"/>
    <property name="surefire.test.class.path" value="C:\Users\Wang\decathlon-project-codes\springboot-example\Swagger2Markup-example\target\test-classes;C:\Users\Wang\decathlon-project-codes\springboot-example\Swagger2Markup-example\target\classes;c:\repositorys\org\springframework\boot\spring-boot-starter-web\2.3.4.RELEASE\spring-boot-starter-web-2.3.4.RELEASE.jar;c:\repositorys\org\springframework\boot\spring-boot-starter\2.3.4.RELEASE\spring-boot-starter-2.3.4.RELEASE.jar;c:\repositorys\org\springframework\boot\spring-boot\2.3.4.RELEASE\spring-boot-2.3.4.RELEASE.jar;c:\repositorys\org\springframework\boot\spring-boot-autoconfigure\2.3.4.RELEASE\spring-boot-autoconfigure-2.3.4.RELEASE.jar;c:\repositorys\org\springframework\boot\spring-boot-starter-logging\2.3.4.RELEASE\spring-boot-starter-logging-2.3.4.RELEASE.jar;c:\repositorys\ch\qos\logback\logback-classic\1.2.3\logback-classic-1.2.3.jar;c:\repositorys\ch\qos\logback\logback-core\1.2.3\logback-core-1.2.3.jar;c:\repositorys\org\apache\logging\log4j\log4j-to-slf4j\2.13.3\log4j-to-slf4j-2.13.3.jar;c:\repositorys\org\apache\logging\log4j\log4j-api\2.13.3\log4j-api-2.13.3.jar;c:\repositorys\org\slf4j\jul-to-slf4j\1.7.30\jul-to-slf4j-1.7.30.jar;c:\repositorys\jakarta\annotation\jakarta.annotation-api\1.3.5\jakarta.annotation-api-1.3.5.jar;c:\repositorys\org\yaml\snakeyaml\1.26\snakeyaml-1.26.jar;c:\repositorys\org\springframework\boot\spring-boot-starter-json\2.3.4.RELEASE\spring-boot-starter-json-2.3.4.RELEASE.jar;c:\repositorys\com\fasterxml\jackson\datatype\jackson-datatype-jdk8\2.11.2\jackson-datatype-jdk8-2.11.2.jar;c:\repositorys\com\fasterxml\jackson\datatype\jackson-datatype-jsr310\2.11.2\jackson-datatype-jsr310-2.11.2.jar;c:\repositorys\com\fasterxml\jackson\module\jackson-module-parameter-names\2.11.2\jackson-module-parameter-names-2.11.2.jar;c:\repositorys\org\springframework\boot\spring-boot-starter-tomcat\2.3.4.RELEASE\spring-boot-starter-tomcat-2.3.4.RELEASE.jar;c:\repositorys\org\apache\tomcat\embed\tomcat-embed-core\9.0.38\tomcat-embed-core-9.0.38.jar;c:\repositorys\org\glassfish\jakarta.el\3.0.3\jakarta.el-3.0.3.jar;c:\repositorys\org\apache\tomcat\embed\tomcat-embed-websocket\9.0.38\tomcat-embed-websocket-9.0.38.jar;c:\repositorys\org\springframework\spring-web\5.2.9.RELEASE\spring-web-5.2.9.RELEASE.jar;c:\repositorys\org\springframework\spring-beans\5.2.9.RELEASE\spring-beans-5.2.9.RELEASE.jar;c:\repositorys\org\springframework\spring-webmvc\5.2.9.RELEASE\spring-webmvc-5.2.9.RELEASE.jar;c:\repositorys\org\springframework\spring-aop\5.2.9.RELEASE\spring-aop-5.2.9.RELEASE.jar;c:\repositorys\org\springframework\spring-context\5.2.9.RELEASE\spring-context-5.2.9.RELEASE.jar;c:\repositorys\org\springframework\spring-expression\5.2.9.RELEASE\spring-expression-5.2.9.RELEASE.jar;c:\repositorys\org\springframework\boot\spring-boot-starter-test\2.3.4.RELEASE\spring-boot-starter-test-2.3.4.RELEASE.jar;c:\repositorys\org\springframework\boot\spring-boot-test\2.3.4.RELEASE\spring-boot-test-2.3.4.RELEASE.jar;c:\repositorys\org\springframework\boot\spring-boot-test-autoconfigure\2.3.4.RELEASE\spring-boot-test-autoconfigure-2.3.4.RELEASE.jar;c:\repositorys\com\jayway\jsonpath\json-path\2.4.0\json-path-2.4.0.jar;c:\repositorys\net\minidev\json-smart\2.3\json-smart-2.3.jar;c:\repositorys\net\minidev\accessors-smart\1.2\accessors-smart-1.2.jar;c:\repositorys\jakarta\xml\bind\jakarta.xml.bind-api\2.3.3\jakarta.xml.bind-api-2.3.3.jar;c:\repositorys\jakarta\activation\jakarta.activation-api\1.2.2\jakarta.activation-api-1.2.2.jar;c:\repositorys\org\assertj\assertj-core\3.16.1\assertj-core-3.16.1.jar;c:\repositorys\org\hamcrest\hamcrest\2.2\hamcrest-2.2.jar;c:\repositorys\org\junit\jupiter\junit-jupiter\5.6.2\junit-jupiter-5.6.2.jar;c:\repositorys\org\junit\jupiter\junit-jupiter-api\5.6.2\junit-jupiter-api-5.6.2.jar;c:\repositorys\org\opentest4j\opentest4j\1.2.0\opentest4j-1.2.0.jar;c:\repositorys\org\junit\platform\junit-platform-commons\1.6.2\junit-platform-commons-1.6.2.jar;c:\repositorys\org\junit\jupiter\junit-jupiter-params\5.6.2\junit-jupiter-params-5.6.2.jar;c:\repositorys\org\junit\jupiter\junit-jupiter-engine\5.6.2\junit-jupiter-engine-5.6.2.jar;c:\repositorys\org\junit\vintage\junit-vintage-engine\5.6.2\junit-vintage-engine-5.6.2.jar;c:\repositorys\org\apiguardian\apiguardian-api\1.1.0\apiguardian-api-1.1.0.jar;c:\repositorys\org\junit\platform\junit-platform-engine\1.6.2\junit-platform-engine-1.6.2.jar;c:\repositorys\junit\junit\4.13\junit-4.13.jar;c:\repositorys\org\mockito\mockito-core\3.3.3\mockito-core-3.3.3.jar;c:\repositorys\net\bytebuddy\byte-buddy\1.10.14\byte-buddy-1.10.14.jar;c:\repositorys\net\bytebuddy\byte-buddy-agent\1.10.14\byte-buddy-agent-1.10.14.jar;c:\repositorys\org\objenesis\objenesis\2.6\objenesis-2.6.jar;c:\repositorys\org\mockito\mockito-junit-jupiter\3.3.3\mockito-junit-jupiter-3.3.3.jar;c:\repositorys\org\skyscreamer\jsonassert\1.5.0\jsonassert-1.5.0.jar;c:\repositorys\com\vaadin\external\google\android-json\0.0.20131108.vaadin1\android-json-0.0.20131108.vaadin1.jar;c:\repositorys\org\springframework\spring-core\5.2.9.RELEASE\spring-core-5.2.9.RELEASE.jar;c:\repositorys\org\springframework\spring-jcl\5.2.9.RELEASE\spring-jcl-5.2.9.RELEASE.jar;c:\repositorys\org\springframework\spring-test\5.2.9.RELEASE\spring-test-5.2.9.RELEASE.jar;c:\repositorys\org\xmlunit\xmlunit-core\2.7.0\xmlunit-core-2.7.0.jar;c:\repositorys\org\springframework\boot\spring-boot-configuration-processor\2.3.4.RELEASE\spring-boot-configuration-processor-2.3.4.RELEASE.jar;c:\repositorys\io\springfox\springfox-swagger2\2.7.0\springfox-swagger2-2.7.0.jar;c:\repositorys\io\swagger\swagger-annotations\1.5.13\swagger-annotations-1.5.13.jar;c:\repositorys\io\springfox\springfox-spi\2.7.0\springfox-spi-2.7.0.jar;c:\repositorys\io\springfox\springfox-core\2.7.0\springfox-core-2.7.0.jar;c:\repositorys\io\springfox\springfox-schema\2.7.0\springfox-schema-2.7.0.jar;c:\repositorys\io\springfox\springfox-swagger-common\2.7.0\springfox-swagger-common-2.7.0.jar;c:\repositorys\io\springfox\springfox-spring-web\2.7.0\springfox-spring-web-2.7.0.jar;c:\repositorys\org\reflections\reflections\0.9.11\reflections-0.9.11.jar;c:\repositorys\org\javassist\javassist\3.21.0-GA\javassist-3.21.0-GA.jar;c:\repositorys\com\google\guava\guava\18.0\guava-18.0.jar;c:\repositorys\com\fasterxml\classmate\1.5.1\classmate-1.5.1.jar;c:\repositorys\org\slf4j\slf4j-api\1.7.30\slf4j-api-1.7.30.jar;c:\repositorys\org\springframework\plugin\spring-plugin-core\1.2.0.RELEASE\spring-plugin-core-1.2.0.RELEASE.jar;c:\repositorys\org\springframework\plugin\spring-plugin-metadata\1.2.0.RELEASE\spring-plugin-metadata-1.2.0.RELEASE.jar;c:\repositorys\org\mapstruct\mapstruct\1.1.0.Final\mapstruct-1.1.0.Final.jar;c:\repositorys\io\springfox\springfox-swagger-ui\2.7.0\springfox-swagger-ui-2.7.0.jar;c:\repositorys\io\github\swagger2markup\swagger2markup\1.3.1\swagger2markup-1.3.1.jar;c:\repositorys\io\github\swagger2markup\markup-document-builder\1.1.1\markup-document-builder-1.1.1.jar;c:\repositorys\commons-io\commons-io\2.4\commons-io-2.4.jar;c:\repositorys\commons-codec\commons-codec\1.14\commons-codec-1.14.jar;c:\repositorys\nl\jworks\markdown_to_asciidoc\markdown_to_asciidoc\1.0\markdown_to_asciidoc-1.0.jar;c:\repositorys\org\jsoup\jsoup\1.8.1\jsoup-1.8.1.jar;c:\repositorys\io\swagger\swagger-compat-spec-parser\1.0.25\swagger-compat-spec-parser-1.0.25.jar;c:\repositorys\io\swagger\swagger-parser\1.0.25\swagger-parser-1.0.25.jar;c:\repositorys\org\slf4j\slf4j-ext\1.7.30\slf4j-ext-1.7.30.jar;c:\repositorys\com\github\fge\json-schema-validator\2.2.3\json-schema-validator-2.2.3.jar;c:\repositorys\joda-time\joda-time\2.3\joda-time-2.3.jar;c:\repositorys\com\github\fge\json-schema-core\1.2.1\json-schema-core-1.2.1.jar;c:\repositorys\com\github\fge\uri-template\0.9\uri-template-0.9.jar;c:\repositorys\org\mozilla\rhino\1.7R4\rhino-1.7R4.jar;c:\repositorys\com\googlecode\libphonenumber\libphonenumber\6.0\libphonenumber-6.0.jar;c:\repositorys\javax\mail\mailapi\1.4.3\mailapi-1.4.3.jar;c:\repositorys\javax\activation\activation\1.1\activation-1.1.jar;c:\repositorys\com\google\code\findbugs\jsr305\2.0.1\jsr305-2.0.1.jar;c:\repositorys\net\sf\jopt-simple\jopt-simple\4.6\jopt-simple-4.6.jar;c:\repositorys\com\github\fge\json-patch\1.6\json-patch-1.6.jar;c:\repositorys\com\github\fge\jackson-coreutils\1.6\jackson-coreutils-1.6.jar;c:\repositorys\com\github\fge\msg-simple\1.1\msg-simple-1.1.jar;c:\repositorys\com\github\fge\btf\1.2\btf-1.2.jar;c:\repositorys\org\apache\httpcomponents\httpclient\4.5.12\httpclient-4.5.12.jar;c:\repositorys\org\apache\httpcomponents\httpcore\4.4.13\httpcore-4.4.13.jar;c:\repositorys\org\apache\commons\commons-configuration2\2.1\commons-configuration2-2.1.jar;c:\repositorys\commons-logging\commons-logging\1.2\commons-logging-1.2.jar;c:\repositorys\commons-beanutils\commons-beanutils\1.9.2\commons-beanutils-1.9.2.jar;c:\repositorys\commons-collections\commons-collections\3.2.1\commons-collections-3.2.1.jar;c:\repositorys\org\apache\commons\commons-collections4\4.1\commons-collections4-4.1.jar;c:\repositorys\io\javaslang\javaslang\2.0.5\javaslang-2.0.5.jar;c:\repositorys\io\javaslang\javaslang-match\2.0.5\javaslang-match-2.0.5.jar;c:\repositorys\ch\netzwerg\paleo-core\0.10.2\paleo-core-0.10.2.jar;c:\repositorys\io\swagger\swagger-core\1.5.16\swagger-core-1.5.16.jar;c:\repositorys\org\apache\commons\commons-lang3\3.10\commons-lang3-3.10.jar;c:\repositorys\com\fasterxml\jackson\core\jackson-annotations\2.11.2\jackson-annotations-2.11.2.jar;c:\repositorys\com\fasterxml\jackson\core\jackson-databind\2.11.2\jackson-databind-2.11.2.jar;c:\repositorys\com\fasterxml\jackson\core\jackson-core\2.11.2\jackson-core-2.11.2.jar;c:\repositorys\com\fasterxml\jackson\dataformat\jackson-dataformat-yaml\2.11.2\jackson-dataformat-yaml-2.11.2.jar;c:\repositorys\javax\validation\validation-api\2.0.1.Final\validation-api-2.0.1.Final.jar;c:\repositorys\io\swagger\swagger-models\1.5.16\swagger-models-1.5.16.jar;c:\repositorys\org\pegdown\pegdown\1.4.2\pegdown-1.4.2.jar;c:\repositorys\org\parboiled\parboiled-java\1.1.6\parboiled-java-1.1.6.jar;c:\repositorys\org\parboiled\parboiled-core\1.1.6\parboiled-core-1.1.6.jar;c:\repositorys\org\ow2\asm\asm\4.1\asm-4.1.jar;c:\repositorys\org\ow2\asm\asm-tree\4.1\asm-tree-4.1.jar;c:\repositorys\org\ow2\asm\asm-analysis\4.1\asm-analysis-4.1.jar;c:\repositorys\org\ow2\asm\asm-util\4.1\asm-util-4.1.jar;c:\repositorys\org\projectlombok\lombok\1.18.12\lombok-1.18.12.jar;"/>
    <property name="sun.cpu.endian" value="little"/>
    <property name="user.home" value="C:\Users\Wang"/>
    <property name="user.language" value="en"/>
    <property name="java.specification.vendor" value="Oracle Corporation"/>
    <property name="java.version.date" value="2020-04-14"/>
    <property name="java.home" value="C:\Program Files\AdoptOpenJDK\jdk-11.0.7.10-hotspot"/>
    <property name="file.separator" value="\"/>
    <property name="basedir" value="C:\Users\Wang\decathlon-project-codes\springboot-example\Swagger2Markup-example"/>
    <property name="java.vm.compressedOopsMode" value="Zero based"/>
    <property name="line.separator" value="&#10;"/>
    <property name="java.specification.name" value="Java Platform API Specification"/>
    <property name="java.vm.specification.vendor" value="Oracle Corporation"/>
    <property name="java.awt.graphicsenv" value="sun.awt.Win32GraphicsEnvironment"/>
    <property name="surefire.real.class.path" value="C:\Users\Wang\AppData\Local\Temp\surefire11097285392525063189\surefirebooter15725814522660138748.jar"/>
    <property name="user.script" value=""/>
    <property name="sun.management.compiler" value="HotSpot 64-Bit Tiered Compilers"/>
    <property name="java.runtime.version" value="11.0.7+10"/>
    <property name="user.name" value="Wang"/>
    <property name="path.separator" value=";"/>
    <property name="os.version" value="10.0"/>
    <property name="java.runtime.name" value="OpenJDK Runtime Environment"/>
    <property name="file.encoding" value="Cp1252"/>
    <property name="java.vm.name" value="OpenJDK 64-Bit Server VM"/>
    <property name="java.vendor.version" value="AdoptOpenJDK"/>
    <property name="localRepository" value="c:\repositorys"/>
    <property name="java.vendor.url.bug" value="https://github.com/AdoptOpenJDK/openjdk-support/issues"/>
    <property name="java.io.tmpdir" value="C:\Users\Wang\AppData\Local\Temp\"/>
    <property name="java.version" value="11.0.7"/>
    <property name="user.dir" value="C:\Users\Wang\decathlon-project-codes\springboot-example\Swagger2Markup-example"/>
    <property name="os.arch" value="amd64"/>
    <property name="java.vm.specification.name" value="Java Virtual Machine Specification"/>
    <property name="java.awt.printerjob" value="sun.awt.windows.WPrinterJob"/>
    <property name="sun.os.patch.level" value=""/>
    <property name="java.library.path" value="C:\Program Files\AdoptOpenJDK\jdk-11.0.7.10-hotspot\bin;C:\WINDOWS\Sun\Java\bin;C:\WINDOWS\system32;C:\WINDOWS;C:/Program Files/AdoptOpenJDK/jdk-11.0.7.10-hotspot/bin/client;C:/Program Files/AdoptOpenJDK/jdk-11.0.7.10-hotspot/bin;C:\Program Files (x86)\NetSarang\Xshell 6\;C:\Program Files (x86)\Intel\Intel(R) Management Engine Components\iCLS\;C:\Program Files\Intel\Intel(R) Management Engine Components\iCLS\;C:\WINDOWS\system32;C:\WINDOWS;C:\WINDOWS\System32\Wbem;C:\WINDOWS\System32\WindowsPowerShell\v1.0\;C:\Program Files (x86)\Intel\Intel(R) Management Engine Components\DAL;C:\Program Files\Intel\Intel(R) Management Engine Components\DAL;C:\Program Files (x86)\Intel\Intel(R) Management Engine Components\IPT;C:\Program Files\Intel\Intel(R) Management Engine Components\IPT;C:\Program Files\Intel\WiFi\bin\;C:\Program Files\Common Files\Intel\WirelessCommon\;C:\Program Files\Git\cmd;C:\PostgreSQL\pg10\bin;C:\Users\Wang\soft\apache-activemq-5.15.4\bin;C:\Program Files (x86)\GnuWin32\bin;C:\WINDOWS\System32\OpenSSH\;C:\Users\Wang\AppData\Roaming\npm;C:\Program Files\PuTTY\;C:\Ruby22-x64\bin;C:\Users\Wang\soft\apache-activemq-5.15.4-bin\apache-activemq-5.15.4\bin;C:\Users\Wang\soft\apache-maven-3.5.4\bin;C:\Users\Wang\decathlon-project-codes\tool\sonarqube-7.6\sonarqube-7.6\bin\windows-x86-64;C:\Users\Wang\decathlon-project-codes\tool\sonar-scanner-cli-3.2.0.1227-windows\sonar-scanner-3.2.0.1227-windows\bin;C:\Program Files (x86)\IBM\Client Access\Shared;C:\Program Files (x86)\IBM\Client Access\;C:\Program Files\nodejs\;C:\cygwin64\bin;C:\Users\Wang\soft\apache-cassandra-3.11.6\bin;C:\Users\Wang\soft\jmeter\apache-jmeter-5.3\bin;C:\Users\Wang\soft\gradle-6.5.1-bin\gradle-6.5.1\bin;C:\Users\Wang\soft\apache-maven-3.5.4\apache-maven-3.6.3-bin.tar\apache-maven-3.6.3-bin\apache-maven-3.6.3\bin;C:\Program Files\AdoptOpenJDK\jdk-11.0.7.10-hotspot\bin;C:\Program Files (x86)\Pulse Secure\VC142.CRT\X64\;C:\Program Files (x86)\Pulse Secure\VC142.CRT\X86\;C:\sqlite;C:\Program Files\MySQL\MySQL Server 8.0\bin;;C:\Program Files\Docker\Docker\resources\bin;C:\ProgramData\DockerDesktop\version-bin;C:\Program Files\MySQL\MySQL Shell 8.0\bin\;C:\Users\Wang\AppData\Local\Programs\Python\Python37-32\Scripts\;C:\Users\Wang\AppData\Local\Programs\Python\Python37-32\;C:\Users\Wang\AppData\Local\Microsoft\WindowsApps;C:\Users\Wang\AppData\Roaming\npm;C:\Program Files\Huawei\DevEco Studio\bin;C:\Users\Wang\AppData\Local\Programs\Microsoft VS Code\bin;C:\Users\Wang\AppData\Local\Programs\Fiddler;C:\Users\Wang\Desktop\eclipse-java-2020-06-R-win32-x86_64\eclipse;;."/>
    <property name="java.vendor" value="AdoptOpenJDK"/>
    <property name="java.vm.info" value="mixed mode"/>
    <property name="java.vm.version" value="11.0.7+10"/>
    <property name="sun.io.unicode.encoding" value="UnicodeLittle"/>
    <property name="java.class.version" value="55.0"/>
  </properties>
  <testcase name="generateAsciiDocs" classname="tech.wangy265.springboot.AppDocumentationTest" time="1.869"/>
  <testcase name="generateAsciiDocsToFile" classname="tech.wangy265.springboot.AppDocumentationTest" time="0.114"/>
  <testcase name="generateMarkdownDocsToFile" classname="tech.wangy265.springboot.AppDocumentationTest" time="0.057"/>
  <testcase name="generateConfluenceDocs" classname="tech.wangy265.springboot.AppDocumentationTest" time="0.063"/>
  <testcase name="generateMarkdownDocs" classname="tech.wangy265.springboot.AppDocumentationTest" time="0.047"/>
</testsuite>